<?xml version="1.0" encoding="UTF-8"?>
<!-- Generated by org.testng.reporters.JUnitXMLReporter -->
<testsuite ignored="1" hostname="WKWIN5154091" failures="0" tests="1" name="Default test" time="2.58" errors="0" timestamp="2019-12-02T11:26:55 IST">
  <testcase classname="com.qa.test.GetRestAssuredBDD" name="getCirucitInfo2015Test" time="2.521"/>
  <testcase classname="com.qa.test.GetRestAssuredBDD" name="getCityInfoTest" time="0.0">
    <ignored/>
  </testcase> <!-- getCityInfoTest -->
</testsuite> <!-- Default test -->
