<?xml version="1.0" encoding="UTF-8"?>
<testng-results ignored="1" total="2" passed="1" failed="0" skipped="0">
  <reporter-output>
  </reporter-output>
  <suite started-at="2019-12-02T11:26:53 IST" name="Default suite" finished-at="2019-12-02T11:26:55 IST" duration-ms="2580">
    <groups>
    </groups>
    <test started-at="2019-12-02T11:26:53 IST" name="Default test" finished-at="2019-12-02T11:26:55 IST" duration-ms="2580">
      <class name="com.qa.test.GetRestAssuredBDD">
        <test-method signature="getCirucitInfo2015Test()[pri:0, instance:com.qa.test.GetRestAssuredBDD@add0edd]" started-at="2019-12-02T11:26:53 IST" name="getCirucitInfo2015Test" finished-at="2019-12-02T11:26:55 IST" duration-ms="2521" status="PASS">
          <reporter-output>
          </reporter-output>
        </test-method> <!-- getCirucitInfo2015Test -->
      </class> <!-- com.qa.test.GetRestAssuredBDD -->
    </test> <!-- Default test -->
  </suite> <!-- Default suite -->
</testng-results>
